<?xml version="1.0" encoding="UTF-8"?>
<!-- Generated by org.testng.reporters.JUnitXMLReporter -->
<testsuite ignored="0" hostname="Archanas-Air.phub.net.cable.rogers.com" failures="0" tests="3" name="Error Validation Test" time="55.247" errors="0" timestamp="2023-03-29T19:21:36 EDT">
  <testcase classname="rahulshettyacademy.Tests.ErrorValidationTest" name="LoginErrorValidationTest" time="2.805"/>
  <testcase classname="rahulshettyacademy.Tests.ErrorValidationTest" name="ProductErrorValidationTest" time="6.147">
    <skipped/>
  </testcase> <!-- ProductErrorValidationTest -->
  <testcase classname="rahulshettyacademy.Tests.ErrorValidationTest" name="ProductErrorValidationTest" time="9.64"/>
</testsuite> <!-- Error Validation Test -->
