<?xml version="1.0" encoding="UTF-8"?>
<!-- Generated by org.testng.reporters.JUnitXMLReporter -->
<testsuite ignored="2" hostname="Archanas-Air.phub.net.cable.rogers.com" failures="0" tests="0" time="0.005" errors="0" timestamp="2023-03-24T11:50:34 EDT">
  <testcase classname="rahulshettyacademy.Tests.ErrorValidationTest" name="ProductErrorValidationTest" time="0.0">
    <ignored/>
  </testcase> <!-- ProductErrorValidationTest -->
  <testcase classname="rahulshettyacademy.Tests.ErrorValidationTest" name="LoginErrorValidationTest" time="0.0">
    <ignored/>
  </testcase> <!-- LoginErrorValidationTest -->
</testsuite>
