<?xml version="1.0" encoding="UTF-8"?>
<!-- Generated by org.testng.reporters.JUnitXMLReporter -->
<testsuite ignored="1" hostname="Archanas-Air.phub.net.cable.rogers.com" failures="0" tests="1" name="ErrorValidationTest" time="17.591" errors="0" timestamp="2023-03-23T23:59:32 EDT">
  <testcase classname="rahulshettyacademy.Tests.ErrorValidationTest" name="LoginErrorValidationTest" time="1.947"/>
  <testcase classname="rahulshettyacademy.Tests.ErrorValidationTest" name="ProductErrorValidationTest" time="0.0">
    <ignored/>
  </testcase> <!-- ProductErrorValidationTest -->
</testsuite> <!-- ErrorValidationTest -->
