<?xml version="1.0" encoding="UTF-8"?>
<!-- Generated by org.testng.reporters.JUnitXMLReporter -->
<testsuite ignored="1" hostname="Archanas-Air.phub.net.cable.rogers.com" failures="0" tests="2" name="PlaceOrderTest" time="52.483" errors="0" timestamp="2023-03-24T18:34:30 EDT">
  <testcase classname="rahulshettyacademy.Tests.PlaceOrderTest" name="PlaceOrderTest" time="16.232"/>
  <testcase classname="rahulshettyacademy.Tests.PlaceOrderTest" name="PlaceOrderTest" time="15.174"/>
  <testcase classname="rahulshettyacademy.Tests.PlaceOrderTest" name="OrderHistoryTest" time="0.0">
    <ignored/>
  </testcase> <!-- OrderHistoryTest -->
</testsuite> <!-- PlaceOrderTest -->
