<?xml version="1.0" encoding="UTF-8"?>
<!-- Generated by org.testng.reporters.JUnitXMLReporter -->
<testsuite ignored="2" hostname="Archanas-Air.phub.net.cable.rogers.com" failures="0" tests="0" time="0.005" errors="0" timestamp="2023-03-23T23:59:15 EDT">
  <testcase classname="rahulshettyacademy.Tests.PlaceOrderTest" name="OrderHistoryTest" time="0.0">
    <ignored/>
  </testcase> <!-- OrderHistoryTest -->
  <testcase classname="rahulshettyacademy.Tests.PlaceOrderTest" name="PlaceOrderTest" time="0.0">
    <ignored/>
  </testcase> <!-- PlaceOrderTest -->
</testsuite>
