<?xml version="1.0" encoding="UTF-8"?>
<!-- Generated by org.testng.reporters.JUnitXMLReporter -->
<testsuite ignored="1" hostname="Archanas-Air.phub.net.cable.rogers.com" failures="0" tests="2" name="PlaceOrderTest" time="48.319" errors="0" timestamp="2023-03-24T11:51:22 EDT">
  <testcase classname="rahulshettyacademy.Tests.PlaceOrderTest" name="PlaceOrderTest" time="8.553"/>
  <testcase classname="rahulshettyacademy.Tests.PlaceOrderTest" name="PlaceOrderTest" time="15.148"/>
  <testcase classname="rahulshettyacademy.Tests.PlaceOrderTest" name="OrderHistoryTest" time="0.0">
    <ignored/>
  </testcase> <!-- OrderHistoryTest -->
</testsuite> <!-- PlaceOrderTest -->
