<?xml version="1.0" encoding="UTF-8"?>
<!-- Generated by org.testng.reporters.JUnitXMLReporter -->
<testsuite ignored="0" hostname="Archanas-Air.phub.net.cable.rogers.com" failures="0" tests="3" name="Place Order Test" time="73.69" errors="0" timestamp="2023-03-29T14:13:28 EDT">
  <testcase classname="rahulshettyacademy.Tests.PlaceOrderTest" name="PlaceOrderTest" time="17.586"/>
  <testcase classname="rahulshettyacademy.Tests.PlaceOrderTest" name="PlaceOrderTest" time="16.036"/>
  <testcase classname="rahulshettyacademy.Tests.PlaceOrderTest" name="OrderHistoryTest" time="5.106"/>
</testsuite> <!-- Place Order Test -->
