<?xml version="1.0" encoding="UTF-8"?>
<!-- Generated by org.testng.reporters.JUnitXMLReporter -->
<testsuite ignored="0" hostname="Archanas-Air.phub.net.cable.rogers.com" failures="0" tests="2" name="Default test" time="46.623" errors="0" timestamp="2023-03-23T23:33:39 EDT">
  <testcase classname="rahulshettyacademy.Tests.PlaceOrderTest" name="PlaceOrderTest" time="16.333"/>
  <testcase classname="rahulshettyacademy.Tests.PlaceOrderTest" name="OrderHistoryTest" time="4.859"/>
</testsuite> <!-- Default test -->
