<?xml version="1.0" encoding="UTF-8"?>
<!-- Generated by org.testng.reporters.JUnitXMLReporter -->
<testsuite ignored="0" hostname="Archanas-Air.phub.net.cable.rogers.com" failures="0" tests="2" name="Default test" time="37.096" errors="0" timestamp="2023-03-24T00:25:40 EDT">
  <testcase classname="rahulshettyacademy.Tests.ErrorValidationTest" name="LoginErrorValidationTest" time="1.375"/>
  <testcase classname="rahulshettyacademy.Tests.ErrorValidationTest" name="ProductErrorValidationTest" time="13.321"/>
</testsuite> <!-- Default test -->
