<?xml version="1.0" encoding="UTF-8"?>
<testng-results ignored="0" total="5" passed="5" failed="0" skipped="0">
  <reporter-output>
  </reporter-output>
  <suite started-at="2023-03-29T14:12:14 EDT" name="Suite" finished-at="2023-03-29T14:13:28 EDT" duration-ms="73690">
    <groups>
      <group name="ErrorHandling">
        <method signature="ErrorValidationTest.LoginErrorValidationTest()[pri:0, instance:rahulshettyacademy.Tests.ErrorValidationTest@6f10d5b6]" name="LoginErrorValidationTest" class="rahulshettyacademy.Tests.ErrorValidationTest"/>
      </group> <!-- ErrorHandling -->
      <group name="Purchase">
        <method signature="PlaceOrderTest.PlaceOrderTest(java.util.HashMap)[pri:0, instance:rahulshettyacademy.Tests.PlaceOrderTest@1ca3b418]" name="PlaceOrderTest" class="rahulshettyacademy.Tests.PlaceOrderTest"/>
      </group> <!-- Purchase -->
    </groups>
    <test started-at="2023-03-29T14:12:14 EDT" name="Error Validation Test" finished-at="2023-03-29T14:12:58 EDT" duration-ms="43463">
      <class name="rahulshettyacademy.Tests.ErrorValidationTest">
        <test-method is-config="true" signature="launchApplication()[pri:0, instance:rahulshettyacademy.Tests.ErrorValidationTest@6f10d5b6]" started-at="2023-03-29T14:12:14 EDT" name="launchApplication" finished-at="2023-03-29T14:12:28 EDT" duration-ms="13651" status="PASS">
          <reporter-output>
          </reporter-output>
        </test-method> <!-- launchApplication -->
        <test-method signature="LoginErrorValidationTest()[pri:0, instance:rahulshettyacademy.Tests.ErrorValidationTest@6f10d5b6]" started-at="2023-03-29T14:12:28 EDT" name="LoginErrorValidationTest" finished-at="2023-03-29T14:12:30 EDT" duration-ms="2094" status="PASS">
          <reporter-output>
          </reporter-output>
        </test-method> <!-- LoginErrorValidationTest -->
        <test-method is-config="true" signature="tearDown()[pri:0, instance:rahulshettyacademy.Tests.ErrorValidationTest@6f10d5b6]" started-at="2023-03-29T14:12:30 EDT" name="tearDown" finished-at="2023-03-29T14:12:30 EDT" duration-ms="167" status="PASS">
          <reporter-output>
          </reporter-output>
        </test-method> <!-- tearDown -->
        <test-method is-config="true" signature="launchApplication()[pri:0, instance:rahulshettyacademy.Tests.ErrorValidationTest@6f10d5b6]" started-at="2023-03-29T14:12:30 EDT" name="launchApplication" finished-at="2023-03-29T14:12:43 EDT" duration-ms="12953" status="PASS">
          <reporter-output>
          </reporter-output>
        </test-method> <!-- launchApplication -->
        <test-method signature="ProductErrorValidationTest()[pri:0, instance:rahulshettyacademy.Tests.ErrorValidationTest@6f10d5b6]" started-at="2023-03-29T14:12:43 EDT" name="ProductErrorValidationTest" finished-at="2023-03-29T14:12:58 EDT" duration-ms="14371" status="PASS">
          <reporter-output>
          </reporter-output>
        </test-method> <!-- ProductErrorValidationTest -->
        <test-method is-config="true" signature="tearDown()[pri:0, instance:rahulshettyacademy.Tests.ErrorValidationTest@6f10d5b6]" started-at="2023-03-29T14:12:58 EDT" name="tearDown" finished-at="2023-03-29T14:12:58 EDT" duration-ms="205" status="PASS">
          <reporter-output>
          </reporter-output>
        </test-method> <!-- tearDown -->
      </class> <!-- rahulshettyacademy.Tests.ErrorValidationTest -->
    </test> <!-- Error Validation Test -->
    <test started-at="2023-03-29T14:12:14 EDT" name="Place Order Test" finished-at="2023-03-29T14:13:28 EDT" duration-ms="73690">
      <class name="rahulshettyacademy.Tests.PlaceOrderTest">
        <test-method is-config="true" signature="launchApplication()[pri:0, instance:rahulshettyacademy.Tests.PlaceOrderTest@1ca3b418]" started-at="2023-03-29T14:12:14 EDT" name="launchApplication" finished-at="2023-03-29T14:12:28 EDT" duration-ms="13735" status="PASS">
          <reporter-output>
          </reporter-output>
        </test-method> <!-- launchApplication -->
        <test-method signature="PlaceOrderTest(java.util.HashMap)[pri:0, instance:rahulshettyacademy.Tests.PlaceOrderTest@1ca3b418]" started-at="2023-03-29T14:12:28 EDT" name="PlaceOrderTest" data-provider="getData" finished-at="2023-03-29T14:12:46 EDT" duration-ms="17586" status="PASS">
          <params>
            <param index="0">
              <value>
                <![CDATA[{password=Mullen@123, email=sawantarchana110@gmail.com, productName=ZARA COAT 3}]]>
              </value>
            </param>
          </params>
          <reporter-output>
          </reporter-output>
        </test-method> <!-- PlaceOrderTest -->
        <test-method is-config="true" signature="tearDown()[pri:0, instance:rahulshettyacademy.Tests.PlaceOrderTest@1ca3b418]" started-at="2023-03-29T14:12:46 EDT" name="tearDown" finished-at="2023-03-29T14:12:46 EDT" duration-ms="142" status="PASS">
          <reporter-output>
          </reporter-output>
        </test-method> <!-- tearDown -->
        <test-method is-config="true" signature="launchApplication()[pri:0, instance:rahulshettyacademy.Tests.PlaceOrderTest@1ca3b418]" started-at="2023-03-29T14:12:46 EDT" name="launchApplication" finished-at="2023-03-29T14:12:56 EDT" duration-ms="10540" status="PASS">
          <reporter-output>
          </reporter-output>
        </test-method> <!-- launchApplication -->
        <test-method signature="PlaceOrderTest(java.util.HashMap)[pri:0, instance:rahulshettyacademy.Tests.PlaceOrderTest@1ca3b418]" started-at="2023-03-29T14:12:56 EDT" name="PlaceOrderTest" data-provider="getData" finished-at="2023-03-29T14:13:12 EDT" duration-ms="16036" status="PASS">
          <params>
            <param index="0">
              <value>
                <![CDATA[{password=Mullen@123, email=archies1013@gmail.com, productName=ADIDAS ORIGINAL}]]>
              </value>
            </param>
          </params>
          <reporter-output>
          </reporter-output>
        </test-method> <!-- PlaceOrderTest -->
        <test-method is-config="true" signature="tearDown()[pri:0, instance:rahulshettyacademy.Tests.PlaceOrderTest@1ca3b418]" started-at="2023-03-29T14:13:12 EDT" name="tearDown" finished-at="2023-03-29T14:13:13 EDT" duration-ms="125" status="PASS">
          <reporter-output>
          </reporter-output>
        </test-method> <!-- tearDown -->
        <test-method is-config="true" signature="launchApplication()[pri:0, instance:rahulshettyacademy.Tests.PlaceOrderTest@1ca3b418]" started-at="2023-03-29T14:13:13 EDT" name="launchApplication" finished-at="2023-03-29T14:13:23 EDT" duration-ms="10192" status="PASS">
          <reporter-output>
          </reporter-output>
        </test-method> <!-- launchApplication -->
        <test-method signature="OrderHistoryTest()[pri:0, instance:rahulshettyacademy.Tests.PlaceOrderTest@1ca3b418]" started-at="2023-03-29T14:13:23 EDT" name="OrderHistoryTest" finished-at="2023-03-29T14:13:28 EDT" depends-on-methods="rahulshettyacademy.Tests.PlaceOrderTest.PlaceOrderTest" duration-ms="5106" status="PASS">
          <reporter-output>
          </reporter-output>
        </test-method> <!-- OrderHistoryTest -->
        <test-method is-config="true" signature="tearDown()[pri:0, instance:rahulshettyacademy.Tests.PlaceOrderTest@1ca3b418]" started-at="2023-03-29T14:13:28 EDT" name="tearDown" finished-at="2023-03-29T14:13:28 EDT" duration-ms="124" status="PASS">
          <reporter-output>
          </reporter-output>
        </test-method> <!-- tearDown -->
      </class> <!-- rahulshettyacademy.Tests.PlaceOrderTest -->
    </test> <!-- Place Order Test -->
  </suite> <!-- Suite -->
</testng-results>
