<?xml version="1.0" encoding="UTF-8"?>
<testng-results ignored="3" total="5" passed="2" failed="0" skipped="0">
  <reporter-output>
  </reporter-output>
  <suite started-at="2023-03-24T18:33:38 EDT" name="Suite" finished-at="2023-03-24T18:34:30 EDT" duration-ms="52483">
    <groups>
      <group name="Purchase">
        <method signature="PlaceOrderTest.PlaceOrderTest(java.util.HashMap)[pri:0, instance:rahulshettyacademy.Tests.PlaceOrderTest@41fbdac4]" name="PlaceOrderTest" class="rahulshettyacademy.Tests.PlaceOrderTest"/>
      </group> <!-- Purchase -->
    </groups>
    <test started-at="2023-03-24T18:33:38 EDT" name="ErrorValidationTest" finished-at="2023-03-24T18:33:38 EDT" duration-ms="6">
    </test> <!-- ErrorValidationTest -->
    <test started-at="2023-03-24T18:33:38 EDT" name="PlaceOrderTest" finished-at="2023-03-24T18:34:30 EDT" duration-ms="52483">
      <class name="rahulshettyacademy.Tests.PlaceOrderTest">
        <test-method is-config="true" signature="launchApplication()[pri:0, instance:rahulshettyacademy.Tests.PlaceOrderTest@41fbdac4]" started-at="2023-03-24T18:33:38 EDT" name="launchApplication" finished-at="2023-03-24T18:33:49 EDT" duration-ms="11301" status="PASS">
          <reporter-output>
          </reporter-output>
        </test-method> <!-- launchApplication -->
        <test-method signature="PlaceOrderTest(java.util.HashMap)[pri:0, instance:rahulshettyacademy.Tests.PlaceOrderTest@41fbdac4]" started-at="2023-03-24T18:33:49 EDT" name="PlaceOrderTest" data-provider="getData" finished-at="2023-03-24T18:34:06 EDT" duration-ms="16232" status="PASS">
          <params>
            <param index="0">
              <value>
                <![CDATA[{password=Mullen@123, email=sawantarchana110@gmail.com, productName=ZARA COAT 3}]]>
              </value>
            </param>
          </params>
          <reporter-output>
          </reporter-output>
        </test-method> <!-- PlaceOrderTest -->
        <test-method is-config="true" signature="tearDown()[pri:0, instance:rahulshettyacademy.Tests.PlaceOrderTest@41fbdac4]" started-at="2023-03-24T18:34:06 EDT" name="tearDown" finished-at="2023-03-24T18:34:06 EDT" duration-ms="124" status="PASS">
          <reporter-output>
          </reporter-output>
        </test-method> <!-- tearDown -->
        <test-method is-config="true" signature="launchApplication()[pri:0, instance:rahulshettyacademy.Tests.PlaceOrderTest@41fbdac4]" started-at="2023-03-24T18:34:06 EDT" name="launchApplication" finished-at="2023-03-24T18:34:15 EDT" duration-ms="9412" status="PASS">
          <reporter-output>
          </reporter-output>
        </test-method> <!-- launchApplication -->
        <test-method signature="PlaceOrderTest(java.util.HashMap)[pri:0, instance:rahulshettyacademy.Tests.PlaceOrderTest@41fbdac4]" started-at="2023-03-24T18:34:15 EDT" name="PlaceOrderTest" data-provider="getData" finished-at="2023-03-24T18:34:30 EDT" duration-ms="15174" status="PASS">
          <params>
            <param index="0">
              <value>
                <![CDATA[{password=Mullen@123, email=archies1013@gmail.com, productName=ADIDAS ORIGINAL}]]>
              </value>
            </param>
          </params>
          <reporter-output>
          </reporter-output>
        </test-method> <!-- PlaceOrderTest -->
        <test-method is-config="true" signature="tearDown()[pri:0, instance:rahulshettyacademy.Tests.PlaceOrderTest@41fbdac4]" started-at="2023-03-24T18:34:30 EDT" name="tearDown" finished-at="2023-03-24T18:34:30 EDT" duration-ms="125" status="PASS">
          <reporter-output>
          </reporter-output>
        </test-method> <!-- tearDown -->
      </class> <!-- rahulshettyacademy.Tests.PlaceOrderTest -->
    </test> <!-- PlaceOrderTest -->
  </suite> <!-- Suite -->
</testng-results>
