<?xml version="1.0" encoding="UTF-8"?>
<testng-results ignored="3" total="5" passed="2" failed="0" skipped="0">
  <reporter-output>
  </reporter-output>
  <suite started-at="2023-03-24T11:50:34 EDT" name="Suite" finished-at="2023-03-24T11:51:22 EDT" duration-ms="48319">
    <groups>
      <group name="Purchase">
        <method signature="PlaceOrderTest.PlaceOrderTest(java.util.HashMap)[pri:0, instance:rahulshettyacademy.Tests.PlaceOrderTest@481a996b]" name="PlaceOrderTest" class="rahulshettyacademy.Tests.PlaceOrderTest"/>
      </group> <!-- Purchase -->
    </groups>
    <test started-at="2023-03-24T11:50:34 EDT" name="ErrorValidationTest" finished-at="2023-03-24T11:50:34 EDT" duration-ms="5">
    </test> <!-- ErrorValidationTest -->
    <test started-at="2023-03-24T11:50:34 EDT" name="PlaceOrderTest" finished-at="2023-03-24T11:51:22 EDT" duration-ms="48319">
      <class name="rahulshettyacademy.Tests.PlaceOrderTest">
        <test-method is-config="true" signature="launchApplication()[pri:0, instance:rahulshettyacademy.Tests.PlaceOrderTest@481a996b]" started-at="2023-03-24T11:50:34 EDT" name="launchApplication" finished-at="2023-03-24T11:50:49 EDT" duration-ms="14733" status="PASS">
          <reporter-output>
          </reporter-output>
        </test-method> <!-- launchApplication -->
        <test-method signature="PlaceOrderTest(java.util.HashMap)[pri:0, instance:rahulshettyacademy.Tests.PlaceOrderTest@481a996b]" started-at="2023-03-24T11:50:49 EDT" name="PlaceOrderTest" data-provider="getData" finished-at="2023-03-24T11:50:57 EDT" duration-ms="8553" status="PASS">
          <params>
            <param index="0">
              <value>
                <![CDATA[{password=Mullen@123, email=sawantarchana110@gmail.com, productName=ZARA COAT 3}]]>
              </value>
            </param>
          </params>
          <reporter-output>
          </reporter-output>
        </test-method> <!-- PlaceOrderTest -->
        <test-method is-config="true" signature="tearDown()[pri:0, instance:rahulshettyacademy.Tests.PlaceOrderTest@481a996b]" started-at="2023-03-24T11:50:57 EDT" name="tearDown" finished-at="2023-03-24T11:50:57 EDT" duration-ms="159" status="PASS">
          <reporter-output>
          </reporter-output>
        </test-method> <!-- tearDown -->
        <test-method is-config="true" signature="launchApplication()[pri:0, instance:rahulshettyacademy.Tests.PlaceOrderTest@481a996b]" started-at="2023-03-24T11:50:57 EDT" name="launchApplication" finished-at="2023-03-24T11:51:07 EDT" duration-ms="9580" status="PASS">
          <reporter-output>
          </reporter-output>
        </test-method> <!-- launchApplication -->
        <test-method signature="PlaceOrderTest(java.util.HashMap)[pri:0, instance:rahulshettyacademy.Tests.PlaceOrderTest@481a996b]" started-at="2023-03-24T11:51:07 EDT" name="PlaceOrderTest" data-provider="getData" finished-at="2023-03-24T11:51:22 EDT" duration-ms="15148" status="PASS">
          <params>
            <param index="0">
              <value>
                <![CDATA[{password=Mullen@123, email=archies1013@gmail.com, productName=ADIDAS ORIGINAL}]]>
              </value>
            </param>
          </params>
          <reporter-output>
          </reporter-output>
        </test-method> <!-- PlaceOrderTest -->
        <test-method is-config="true" signature="tearDown()[pri:0, instance:rahulshettyacademy.Tests.PlaceOrderTest@481a996b]" started-at="2023-03-24T11:51:22 EDT" name="tearDown" finished-at="2023-03-24T11:51:22 EDT" duration-ms="124" status="PASS">
          <reporter-output>
          </reporter-output>
        </test-method> <!-- tearDown -->
      </class> <!-- rahulshettyacademy.Tests.PlaceOrderTest -->
    </test> <!-- PlaceOrderTest -->
  </suite> <!-- Suite -->
</testng-results>
