<?xml version="1.0" encoding="UTF-8"?>
<testng-results ignored="3" total="4" passed="1" failed="0" skipped="0">
  <reporter-output>
  </reporter-output>
  <suite started-at="2023-03-23T23:59:15 EDT" name="Suite" finished-at="2023-03-23T23:59:32 EDT" duration-ms="17591">
    <groups>
      <group name="ErrorHandling">
        <method signature="ErrorValidationTest.LoginErrorValidationTest()[pri:0, instance:rahulshettyacademy.Tests.ErrorValidationTest@4fb61f4a]" name="LoginErrorValidationTest" class="rahulshettyacademy.Tests.ErrorValidationTest"/>
      </group> <!-- ErrorHandling -->
    </groups>
    <test started-at="2023-03-23T23:59:15 EDT" name="PlaceOrderTest" finished-at="2023-03-23T23:59:15 EDT" duration-ms="5">
    </test> <!-- PlaceOrderTest -->
    <test started-at="2023-03-23T23:59:15 EDT" name="ErrorValidationTest" finished-at="2023-03-23T23:59:32 EDT" duration-ms="17591">
      <class name="rahulshettyacademy.Tests.ErrorValidationTest">
        <test-method is-config="true" signature="launchApplication()[pri:0, instance:rahulshettyacademy.Tests.ErrorValidationTest@4fb61f4a]" started-at="2023-03-23T23:59:15 EDT" name="launchApplication" finished-at="2023-03-23T23:59:30 EDT" duration-ms="15497" status="PASS">
          <reporter-output>
          </reporter-output>
        </test-method> <!-- launchApplication -->
        <test-method signature="LoginErrorValidationTest()[pri:0, instance:rahulshettyacademy.Tests.ErrorValidationTest@4fb61f4a]" started-at="2023-03-23T23:59:30 EDT" name="LoginErrorValidationTest" finished-at="2023-03-23T23:59:32 EDT" duration-ms="1947" status="PASS">
          <reporter-output>
          </reporter-output>
        </test-method> <!-- LoginErrorValidationTest -->
        <test-method is-config="true" signature="tearDown()[pri:0, instance:rahulshettyacademy.Tests.ErrorValidationTest@4fb61f4a]" started-at="2023-03-23T23:59:32 EDT" name="tearDown" finished-at="2023-03-23T23:59:32 EDT" duration-ms="130" status="PASS">
          <reporter-output>
          </reporter-output>
        </test-method> <!-- tearDown -->
      </class> <!-- rahulshettyacademy.Tests.ErrorValidationTest -->
    </test> <!-- ErrorValidationTest -->
  </suite> <!-- Suite -->
</testng-results>
